<?xml version="1.0" encoding="UTF-8"?>
<beans xmlns="http://www.springframework.org/schema/beans"
	xmlns:xsi="http://www.w3.org/2001/XMLSchema-instance" 
	xmlns:context="http://www.springframework.org/schema/context"
	xmlns:tx="http://www.springframework.org/schema/tx"
	xmlns:jdbc="http://www.springframework.org/schema/jdbc"
	xsi:schemaLocation=
		"http://www.springframework.org/schema/beans 
           http://www.springframework.org/schema/beans/spring-beans-3.2.xsd
           http://www.springframework.org/schema/context
           http://www.springframework.org/schema/context/spring-context-3.2.xsd
           http://www.springframework.org/schema/tx
           http://www.springframework.org/schema/tx/spring-tx-3.2.xsd
           http://www.springframework.org/schema/jdbc 
           http://www.springframework.org/schema/jdbc/spring-jdbc-3.0.xsd">

   	<import resource="classpath:spring/application/dao/application-dao.xml"/>
    
	<jdbc:embedded-database id="dataSource" type="HSQL">
		<jdbc:script location="classpath:schema.sql" />	      
	</jdbc:embedded-database> 
      
	<bean id="dataSource"     class="org.springframework.jdbc.datasource.DriverManagerDataSource">
		<property name="driverClassName" value="org.hsqldb.jdbcDriver" />
        <property name="url" value="jdbc:hsqldb:mem://sportjumpdb" />
        <property name="username" value="sa" />
        <property name="password" value="" />
    </bean>
    
    <bean id="emf"   class="org.springframework.orm.jpa.LocalContainerEntityManagerFactoryBean">
     	<property name="persistenceXmlLocation" value="classpath:META-INF/persistence.xml" /> 
	    <property name="dataSource" ref="dataSource" />        
	    <property name="jpaVendorAdapter">
	        <bean class="org.springframework.orm.jpa.vendor.HibernateJpaVendorAdapter">
	            <property name="databasePlatform" value="org.hibernate.dialect.HSQLDialect"/>
	            <property name="showSql" value="true" />	           
	        </bean>
	    </property>
     	 <property name="jpaProperties">
			<props>
				<prop key="hibernate.show_sql">true</prop>
				<prop key="hibernate.format_sql">true</prop>
				<prop key="hibernate.hbm2ddl.auto">create-drop</prop>
			</props>
		</property>
		<property name="persistenceUnitName" value="sportjumpJpaPUTest" />
	</bean> 
	
    

    <!-- Inject bean utilities for tests -->
    <context:component-scan base-package="es.uma.sportjump.sjs.dao.test.util" />
</beans>
